<?xml version="1.0" encoding="UTF-8"?>
<!-- Generated by org.testng.reporters.JUnitXMLReporter -->
<testsuite ignored="0" hostname="Sivam" failures="0" tests="3" name="Default test" time="9.45" errors="0" timestamp="2024-06-12T01:03:56 IST">
  <testcase classname="execuationPack.BrowserTest" name="amzone" time="4.51"/>
  <testcase classname="execuationPack.BrowserTest" name="flipkart" time="2.646"/>
  <testcase classname="execuationPack.BrowserTest" name="snapDeal" time="2.238"/>
</testsuite> <!-- Default test -->
