<?xml version="1.0" encoding="UTF-8"?>
<testng-results ignored="0" total="6" passed="6" failed="0" skipped="0">
  <reporter-output>
  </reporter-output>
  <suite started-at="2024-06-12T08:06:34 IST" name="Suite" finished-at="2024-06-12T08:06:41 IST" duration-ms="7124">
    <groups>
    </groups>
    <test started-at="2024-06-12T08:06:34 IST" name="Test" finished-at="2024-06-12T08:06:41 IST" duration-ms="7124">
      <class name="execuationPack.ParallelExample">
        <test-method signature="flipkart()[pri:0, instance:execuationPack.ParallelExample@25641d39]" started-at="2024-06-12T08:06:34 IST" name="flipkart" finished-at="2024-06-12T08:06:39 IST" duration-ms="4790" status="PASS">
          <reporter-output>
          </reporter-output>
        </test-method> <!-- flipkart -->
        <test-method signature="amzone2()[pri:0, instance:execuationPack.ParallelExample@25641d39]" started-at="2024-06-12T08:06:34 IST" name="amzone2" finished-at="2024-06-12T08:06:37 IST" duration-ms="2846" status="PASS">
          <reporter-output>
          </reporter-output>
        </test-method> <!-- amzone2 -->
        <test-method signature="amzone()[pri:0, instance:execuationPack.ParallelExample@25641d39]" started-at="2024-06-12T08:06:34 IST" name="amzone" finished-at="2024-06-12T08:06:37 IST" duration-ms="2846" status="PASS">
          <reporter-output>
          </reporter-output>
        </test-method> <!-- amzone -->
        <test-method signature="flipkart2()[pri:0, instance:execuationPack.ParallelExample@25641d39]" started-at="2024-06-12T08:06:37 IST" name="flipkart2" finished-at="2024-06-12T08:06:40 IST" duration-ms="3409" status="PASS">
          <reporter-output>
          </reporter-output>
        </test-method> <!-- flipkart2 -->
        <test-method signature="snapDeal()[pri:0, instance:execuationPack.ParallelExample@25641d39]" started-at="2024-06-12T08:06:37 IST" name="snapDeal" finished-at="2024-06-12T08:06:40 IST" duration-ms="2940" status="PASS">
          <reporter-output>
          </reporter-output>
        </test-method> <!-- snapDeal -->
        <test-method signature="snapDeal2()[pri:0, instance:execuationPack.ParallelExample@25641d39]" started-at="2024-06-12T08:06:39 IST" name="snapDeal2" finished-at="2024-06-12T08:06:41 IST" duration-ms="2235" status="PASS">
          <reporter-output>
          </reporter-output>
        </test-method> <!-- snapDeal2 -->
      </class> <!-- execuationPack.ParallelExample -->
    </test> <!-- Test -->
  </suite> <!-- Suite -->
</testng-results>
